{
  "stats": {
    "suites": 1,
    "tests": 5,
    "passes": 5,
    "pending": 0,
    "failures": 0,
    "start": "2025-07-19T01:10:07.554Z",
    "end": "2025-07-19T01:10:43.860Z",
    "duration": 36306,
    "testsRegistered": 5,
    "passPercent": 100,
    "pendingPercent": 0,
    "other": 0,
    "hasOther": false,
    "skipped": 0,
    "hasSkipped": false
  },
  "results": [
    {
      "uuid": "5d533ad0-0a79-481b-8cff-d9030d789c7d",
      "title": "",
      "fullFile": "tests\\UI\\cypress\\e2e\\carrinho.cy.js",
      "file": "tests\\UI\\cypress\\e2e\\carrinho.cy.js",
      "beforeHooks": [],
      "afterHooks": [],
      "tests": [],
      "suites": [
        {
          "uuid": "4049107f-b7ff-4f1d-a802-2d88ab537129",
          "title": "US002 - Testes de adicionar produtos no carrinho",
          "fullFile": "",
          "file": "",
          "beforeHooks": [],
          "afterHooks": [],
          "tests": [
            {
              "title": "Add products in the cart with success",
              "fullTitle": "US002 - Testes de adicionar produtos no carrinho Add products in the cart with success",
              "timedOut": null,
              "duration": 7031,
              "state": "passed",
              "speed": "medium",
              "pass": true,
              "fail": false,
              "pending": false,
              "context": null,
              "code": "cy.get('.search>.tbay-search-form>.form-ajax-search>.form-group>.input-group>.tbay-search').type('Aero Daily Fitness Tee');\ncy.get('.button-search').eq(1).click();\ncy.get('.button-variable-item-XS').click();\ncy.get('.button-variable-item-S').click();\ncy.get('.button-variable-item-Black').click();\ncy.get('.input-text').clear().type('9');\ncy.get('.single_add_to_cart_button').click();\ncy.get('.woocommerce-message').should('contain', 'no seu carrinho');\ncy.get('.woocommerce-message > .button').should(\"exist\").click();",
              "err": {},
              "uuid": "38903d85-0dbc-4282-af8a-848242188c1d",
              "parentUUID": "4049107f-b7ff-4f1d-a802-2d88ab537129",
              "isHook": false,
              "skipped": false
            },
            {
              "title": "Add more than 10 products in the cart",
              "fullTitle": "US002 - Testes de adicionar produtos no carrinho Add more than 10 products in the cart",
              "timedOut": null,
              "duration": 5678,
              "state": "passed",
              "speed": "medium",
              "pass": true,
              "fail": false,
              "pending": false,
              "context": null,
              "code": "cy.get('.search>.tbay-search-form>.form-ajax-search>.form-group>.input-group>.tbay-search').type('Lando Gym Jacket');\ncy.get('.button-search').eq(1).click();\ncy.get('.button-variable-item-S').click();\ncy.get('.button-variable-item-S').click();\ncy.get('.button-variable-item-Blue').click();\ncy.get('.input-text').clear().type('11');\ncy.get('.single_add_to_cart_button').click();\ncy.get('.woocommerce-message > .button').should(\"exist\").click();\n// cy.get('.woocommerce-error').should('contain', 'limite de 10 unidades')",
              "err": {},
              "uuid": "64640ec1-c647-4079-b7df-163ba52be0e4",
              "parentUUID": "4049107f-b7ff-4f1d-a802-2d88ab537129",
              "isHook": false,
              "skipped": false
            },
            {
              "title": "Add products in the cart with total value + R$ 990,01",
              "fullTitle": "US002 - Testes de adicionar produtos no carrinho Add products in the cart with total value + R$ 990,01",
              "timedOut": null,
              "duration": 5659,
              "state": "passed",
              "speed": "medium",
              "pass": true,
              "fail": false,
              "pending": false,
              "context": null,
              "code": "cy.get('.search>.tbay-search-form>.form-ajax-search>.form-group>.input-group>.tbay-search').type('Lando Gym Jacket');\ncy.get('.button-search').eq(1).click();\ncy.get('.button-variable-item-M').click();\ncy.get('.button-variable-item-S').click();\ncy.get('.button-variable-item-Blue').click();\ncy.get('.input-text').clear().type('11');\ncy.get('.single_add_to_cart_button').click();\ncy.get('.woocommerce-message > .button').should(\"exist\").click();\n// cy.get('.woocommerce-error').should('contain', 'valor total ultrapassa R$ 990,00')",
              "err": {},
              "uuid": "66b832ee-1b3f-44f4-a3d2-3dac298608ec",
              "parentUUID": "4049107f-b7ff-4f1d-a802-2d88ab537129",
              "isHook": false,
              "skipped": false
            },
            {
              "title": "Adicionar produtos que somem R$200 ➔ aplicar cupom 10%",
              "fullTitle": "US002 - Testes de adicionar produtos no carrinho Adicionar produtos que somem R$200 ➔ aplicar cupom 10%",
              "timedOut": null,
              "duration": 10496,
              "state": "passed",
              "speed": "slow",
              "pass": true,
              "fail": false,
              "pending": false,
              "context": null,
              "code": "// Adiciona produtos ao carrinho\ncy.contains('Atlas Fitness Tank').click();\ncy.get('.button-variable-item-L').click();\ncy.get('.button-variable-item-S').click();\ncy.get('.button-variable-item-Blue').click();\ncy.get('.input-text').clear().type('5');\ncy.get('.single_add_to_cart_button').click();\ncy.get('.woocommerce-message > .button').click();\ncy.visit('http://lojaebac.ebaconline.art.br/produtos');\ncy.contains('Apollo Running Short').click();\ncy.get('.button-variable-item-32').click();\ncy.get('.button-variable-item-34').click();\ncy.get('.button-variable-item-Black').click();\ncy.get('.input-text').clear().type('5');\ncy.get('.single_add_to_cart_button').click();\n// Ir para o carrinho\ncy.get('.woocommerce-message > .button').click();\n// Validar se o total está entre R$200 e R$600\ncy.get('.cart-subtotal .woocommerce-Price-amount').then($el => {\n  const total = parseFloat($el.text().replace('R$', '').replace(',', '.').trim());\n  expect(total).to.be.within(200, 600);\n});\n// Validar que o desconto de 10% foi aplicado\n//cy.get('.cart-discount .woocommerce-Price-amount').should('exist')\n/* Validar que o valor com desconto é 10% menor\ncy.get('strong > .woocommerce-Price-amount > bdi').then($el => {\n  const totalComDesconto = parseFloat($el.text().replace('R$', '').replace(',', '.').trim())\n  cy.get('.cart-subtotal > td > .woocommerce-Price-amount > bdi').then($sub => {\n    const subtotal = parseFloat($sub.text().replace('R$', '').replace(',', '.').trim())\n    const esperado = subtotal * 0.9\n    expect(totalComDesconto).to.be.closeTo(esperado, 0.05)\n  })\n}) */",
              "err": {},
              "uuid": "242562e3-2eae-4579-a7d5-34abee610762",
              "parentUUID": "4049107f-b7ff-4f1d-a802-2d88ab537129",
              "isHook": false,
              "skipped": false
            },
            {
              "title": "Adicionar produtos que somem R$600 ➔ aplicar cupom 10%",
              "fullTitle": "US002 - Testes de adicionar produtos no carrinho Adicionar produtos que somem R$600 ➔ aplicar cupom 10%",
              "timedOut": null,
              "duration": 6771,
              "state": "passed",
              "speed": "medium",
              "pass": true,
              "fail": false,
              "pending": false,
              "context": null,
              "code": "// Repete lógica acima, mas adicionando produtos mais caros\ncy.get('.orderby').select('Ordenar por preço: maior para menor');\ncy.contains('Ingrid Running Jacket').click();\ncy.get('.button-variable-item-M').click();\ncy.get('.button-variable-item-S').click();\ncy.get('.button-variable-item-Red').click();\ncy.get('.input-text').clear().type(5);\ncy.get('.single_add_to_cart_button').click();\ncy.get('.woocommerce-message > .button').click();\n// Validar subtotal entre R$200 e R$600\ncy.get('.cart-subtotal .woocommerce-Price-amount').then($el => {\n  const total = parseFloat($el.text().replace('R$', '').replace(',', '.').trim());\n  expect(total).to.be.within(200, 600);\n});\n// Validar que o desconto de 10% foi aplicado\n//cy.get('.cart-discount .woocommerce-Price-amount').should('exist')\n/* Validar que o valor com desconto é 10% menor\ncy.get('strong > .woocommerce-Price-amount > bdi').then($el => {\n  const totalComDesconto = parseFloat($el.text().replace('R$', '').replace(',', '.').trim())\n  cy.get('.cart-subtotal > td > .woocommerce-Price-amount > bdi').then($sub => {\n    const subtotal = parseFloat($sub.text().replace('R$', '').replace(',', '.').trim())\n    const esperado = subtotal * 0.9\n    expect(totalComDesconto).to.be.closeTo(esperado, 0.05)\n  })\n}) */",
              "err": {},
              "uuid": "9f6516fb-bb45-4036-8322-73e1e05f3916",
              "parentUUID": "4049107f-b7ff-4f1d-a802-2d88ab537129",
              "isHook": false,
              "skipped": false
            }
          ],
          "suites": [],
          "passes": [
            "38903d85-0dbc-4282-af8a-848242188c1d",
            "64640ec1-c647-4079-b7df-163ba52be0e4",
            "66b832ee-1b3f-44f4-a3d2-3dac298608ec",
            "242562e3-2eae-4579-a7d5-34abee610762",
            "9f6516fb-bb45-4036-8322-73e1e05f3916"
          ],
          "failures": [],
          "pending": [],
          "skipped": [],
          "duration": 35635,
          "root": false,
          "rootEmpty": false,
          "_timeout": 2000
        }
      ],
      "passes": [],
      "failures": [],
      "pending": [],
      "skipped": [],
      "duration": 0,
      "root": true,
      "rootEmpty": true,
      "_timeout": 2000
    }
  ],
  "meta": {
    "mocha": {
      "version": "7.2.0"
    },
    "mochawesome": {
      "options": {
        "quiet": false,
        "reportFilename": "mochawesome",
        "saveHtml": true,
        "saveJson": true,
        "consoleReporter": "spec",
        "useInlineDiffs": false,
        "code": true
      },
      "version": "7.1.3"
    },
    "marge": {
      "options": {
        "reportDir": "reports/ui",
        "overwrite": false,
        "html": true,
        "json": true,
        "charts": true
      },
      "version": "6.2.0"
    }
  }
}