{
  "stats": {
    "suites": 1,
    "tests": 4,
    "passes": 4,
    "pending": 0,
    "failures": 0,
    "start": "2025-07-19T13:10:42.166Z",
    "end": "2025-07-19T13:11:02.963Z",
    "duration": 20797,
    "testsRegistered": 4,
    "passPercent": 100,
    "pendingPercent": 0,
    "other": 0,
    "hasOther": false,
    "skipped": 0,
    "hasSkipped": false
  },
  "results": [
    {
      "uuid": "f5aaddbe-49fc-456f-bfcc-297a2a61b46b",
      "title": "",
      "fullFile": "tests\\UI\\cypress\\e2e\\login.cy.js",
      "file": "tests\\UI\\cypress\\e2e\\login.cy.js",
      "beforeHooks": [],
      "afterHooks": [],
      "tests": [],
      "suites": [
        {
          "uuid": "d01d0388-03e6-4ccc-a704-ace372bd25db",
          "title": "Login tests",
          "fullFile": "",
          "file": "",
          "beforeHooks": [],
          "afterHooks": [],
          "tests": [
            {
              "title": "Login with valid credentials",
              "fullTitle": "Login tests Login with valid credentials",
              "timedOut": null,
              "duration": 8341,
              "state": "passed",
              "speed": "medium",
              "pass": true,
              "fail": false,
              "pending": false,
              "context": null,
              "code": "const user = this.users.validUser;\n_LoginPage.default.login(user.username, user.password);\n_LoginPage.default.assertLoginSuccess(user.username);",
              "err": {},
              "uuid": "262a8517-9c2f-4e26-87be-320936776b24",
              "parentUUID": "d01d0388-03e6-4ccc-a704-ace372bd25db",
              "isHook": false,
              "skipped": false
            },
            {
              "title": "Login with invalid password",
              "fullTitle": "Login tests Login with invalid password",
              "timedOut": null,
              "duration": 3298,
              "state": "passed",
              "speed": "fast",
              "pass": true,
              "fail": false,
              "pending": false,
              "context": null,
              "code": "const user = this.users.invalidPassword;\n_LoginPage.default.login(user.username, user.password);\n_LoginPage.default.assertLoginError('Erro:');",
              "err": {},
              "uuid": "d9a8282b-96a5-4f32-b72b-56f255d105e5",
              "parentUUID": "d01d0388-03e6-4ccc-a704-ace372bd25db",
              "isHook": false,
              "skipped": false
            },
            {
              "title": "Try login 3 times with invalid credentials",
              "fullTitle": "Login tests Try login 3 times with invalid credentials",
              "timedOut": null,
              "duration": 6307,
              "state": "passed",
              "speed": "medium",
              "pass": true,
              "fail": false,
              "pending": false,
              "context": null,
              "code": "const user = this.users.invalidPassword;\nfor (let i = 0; i < 3; i++) {\n  _LoginPage.default.login(user.username, user.password);\n  _LoginPage.default.assertLoginError('Erro:');\n}\n// cy.contains('conta foi bloqueada').should('be.visible')",
              "err": {},
              "uuid": "e4a70970-40da-4932-bc8d-41fd5c7a6ef2",
              "parentUUID": "d01d0388-03e6-4ccc-a704-ace372bd25db",
              "isHook": false,
              "skipped": false
            },
            {
              "title": "Login with inactive account",
              "fullTitle": "Login tests Login with inactive account",
              "timedOut": null,
              "duration": 2580,
              "state": "passed",
              "speed": "fast",
              "pass": true,
              "fail": false,
              "pending": false,
              "context": null,
              "code": "const user = this.users.inactiveUser;\n_LoginPage.default.login(user.username, user.password);\n_LoginPage.default.assertLoginError('usuário usuario_inativo não está registrado');",
              "err": {},
              "uuid": "6bf08afa-8df6-415f-817c-38b48ab95acb",
              "parentUUID": "d01d0388-03e6-4ccc-a704-ace372bd25db",
              "isHook": false,
              "skipped": false
            }
          ],
          "suites": [],
          "passes": [
            "262a8517-9c2f-4e26-87be-320936776b24",
            "d9a8282b-96a5-4f32-b72b-56f255d105e5",
            "e4a70970-40da-4932-bc8d-41fd5c7a6ef2",
            "6bf08afa-8df6-415f-817c-38b48ab95acb"
          ],
          "failures": [],
          "pending": [],
          "skipped": [],
          "duration": 20526,
          "root": false,
          "rootEmpty": false,
          "_timeout": 2000
        }
      ],
      "passes": [],
      "failures": [],
      "pending": [],
      "skipped": [],
      "duration": 0,
      "root": true,
      "rootEmpty": true,
      "_timeout": 2000
    }
  ],
  "meta": {
    "mocha": {
      "version": "7.2.0"
    },
    "mochawesome": {
      "options": {
        "quiet": false,
        "reportFilename": "mochawesome",
        "saveHtml": true,
        "saveJson": true,
        "consoleReporter": "spec",
        "useInlineDiffs": false,
        "code": true
      },
      "version": "7.1.3"
    },
    "marge": {
      "options": {
        "reportDir": "reports/ui",
        "overwrite": false,
        "html": true,
        "json": true,
        "charts": true
      },
      "version": "6.2.0"
    }
  }
}