{
  "stats": {
    "suites": 1,
    "tests": 4,
    "passes": 4,
    "pending": 0,
    "failures": 0,
    "start": "2025-07-19T01:11:24.707Z",
    "end": "2025-07-19T01:11:40.985Z",
    "duration": 16278,
    "testsRegistered": 4,
    "passPercent": 100,
    "pendingPercent": 0,
    "other": 0,
    "hasOther": false,
    "skipped": 0,
    "hasSkipped": false
  },
  "results": [
    {
      "uuid": "45bead57-84bc-406d-a738-e346e89bd632",
      "title": "",
      "fullFile": "tests\\UI\\cypress\\e2e\\login.cy.js",
      "file": "tests\\UI\\cypress\\e2e\\login.cy.js",
      "beforeHooks": [],
      "afterHooks": [],
      "tests": [],
      "suites": [
        {
          "uuid": "85de0f9f-4a70-412f-ba03-9b85ed1a279d",
          "title": "Login tests",
          "fullFile": "",
          "file": "",
          "beforeHooks": [],
          "afterHooks": [],
          "tests": [
            {
              "title": "Login with valid credentials",
              "fullTitle": "Login tests Login with valid credentials",
              "timedOut": null,
              "duration": 5362,
              "state": "passed",
              "speed": "medium",
              "pass": true,
              "fail": false,
              "pending": false,
              "context": null,
              "code": "const user = this.users.validUser;\n_LoginPage.default.login(user.username, user.password);\n_LoginPage.default.assertLoginSuccess(user.username);",
              "err": {},
              "uuid": "dd980a7f-8e72-4c7e-ad56-7e7932b578c6",
              "parentUUID": "85de0f9f-4a70-412f-ba03-9b85ed1a279d",
              "isHook": false,
              "skipped": false
            },
            {
              "title": "Login with invalid password",
              "fullTitle": "Login tests Login with invalid password",
              "timedOut": null,
              "duration": 2672,
              "state": "passed",
              "speed": "fast",
              "pass": true,
              "fail": false,
              "pending": false,
              "context": null,
              "code": "const user = this.users.invalidPassword;\n_LoginPage.default.login(user.username, user.password);\n_LoginPage.default.assertLoginError('Erro:');",
              "err": {},
              "uuid": "f776695b-9a78-4afb-9e5d-5a9cf4a097a8",
              "parentUUID": "85de0f9f-4a70-412f-ba03-9b85ed1a279d",
              "isHook": false,
              "skipped": false
            },
            {
              "title": "Try login 3 times with invalid credentials",
              "fullTitle": "Login tests Try login 3 times with invalid credentials",
              "timedOut": null,
              "duration": 5678,
              "state": "passed",
              "speed": "medium",
              "pass": true,
              "fail": false,
              "pending": false,
              "context": null,
              "code": "const user = this.users.invalidPassword;\nfor (let i = 0; i < 3; i++) {\n  _LoginPage.default.login(user.username, user.password);\n  _LoginPage.default.assertLoginError('Erro:');\n}\n// cy.contains('conta foi bloqueada').should('be.visible')",
              "err": {},
              "uuid": "161a8402-29e9-4ae6-bc3a-68d58ae97bb4",
              "parentUUID": "85de0f9f-4a70-412f-ba03-9b85ed1a279d",
              "isHook": false,
              "skipped": false
            },
            {
              "title": "Login with inactive account",
              "fullTitle": "Login tests Login with inactive account",
              "timedOut": null,
              "duration": 2460,
              "state": "passed",
              "speed": "fast",
              "pass": true,
              "fail": false,
              "pending": false,
              "context": null,
              "code": "const user = this.users.inactiveUser;\n_LoginPage.default.login(user.username, user.password);\n_LoginPage.default.assertLoginError('usuário usuario_inativo não está registrado');",
              "err": {},
              "uuid": "34112c34-eddf-44d2-89ae-63ebee3db125",
              "parentUUID": "85de0f9f-4a70-412f-ba03-9b85ed1a279d",
              "isHook": false,
              "skipped": false
            }
          ],
          "suites": [],
          "passes": [
            "dd980a7f-8e72-4c7e-ad56-7e7932b578c6",
            "f776695b-9a78-4afb-9e5d-5a9cf4a097a8",
            "161a8402-29e9-4ae6-bc3a-68d58ae97bb4",
            "34112c34-eddf-44d2-89ae-63ebee3db125"
          ],
          "failures": [],
          "pending": [],
          "skipped": [],
          "duration": 16172,
          "root": false,
          "rootEmpty": false,
          "_timeout": 2000
        }
      ],
      "passes": [],
      "failures": [],
      "pending": [],
      "skipped": [],
      "duration": 0,
      "root": true,
      "rootEmpty": true,
      "_timeout": 2000
    }
  ],
  "meta": {
    "mocha": {
      "version": "7.2.0"
    },
    "mochawesome": {
      "options": {
        "quiet": false,
        "reportFilename": "mochawesome",
        "saveHtml": true,
        "saveJson": true,
        "consoleReporter": "spec",
        "useInlineDiffs": false,
        "code": true
      },
      "version": "7.1.3"
    },
    "marge": {
      "options": {
        "reportDir": "reports/ui",
        "overwrite": false,
        "html": true,
        "json": true,
        "charts": true
      },
      "version": "6.2.0"
    }
  }
}