{
  "stats": {
    "suites": 1,
    "tests": 5,
    "passes": 5,
    "pending": 0,
    "failures": 0,
    "start": "2025-07-19T14:42:12.089Z",
    "end": "2025-07-19T14:43:24.410Z",
    "duration": 72321,
    "testsRegistered": 5,
    "passPercent": 100,
    "pendingPercent": 0,
    "other": 0,
    "hasOther": false,
    "skipped": 0,
    "hasSkipped": false
  },
  "results": [
    {
      "uuid": "04c5ad6b-79c0-4238-9d08-ead5efc4c562",
      "title": "",
      "fullFile": "tests\\UI\\cypress\\e2e\\carrinho.cy.js",
      "file": "tests\\UI\\cypress\\e2e\\carrinho.cy.js",
      "beforeHooks": [],
      "afterHooks": [],
      "tests": [],
      "suites": [
        {
          "uuid": "f814d8db-6051-43a5-8968-a686bd929b00",
          "title": " - Testes de adicionar produtos no carrinho com dados fixos",
          "fullFile": "",
          "file": "",
          "beforeHooks": [],
          "afterHooks": [],
          "tests": [
            {
              "title": "Add products in the cart with success",
              "fullTitle": " - Testes de adicionar produtos no carrinho com dados fixos Add products in the cart with success",
              "timedOut": null,
              "duration": 15936,
              "state": "passed",
              "speed": "slow",
              "pass": true,
              "fail": false,
              "pending": false,
              "context": null,
              "code": "cy.get('.search>.tbay-search-form>.form-ajax-search>.form-group>.input-group>.tbay-search').type('Aero Daily Fitness Tee');\ncy.get('.button-search').eq(1).click();\ncy.get('.button-variable-item-XS').click();\ncy.get('.button-variable-item-S').click();\ncy.get('.button-variable-item-Black').click();\ncy.get('.input-text').clear().type('9');\ncy.get('.single_add_to_cart_button').click();\ncy.get('.woocommerce-message').should('contain', 'no seu carrinho');\ncy.get('.woocommerce-message > .button').should(\"exist\").click();",
              "err": {},
              "uuid": "d451e081-480f-4ca8-826f-183d9361af3a",
              "parentUUID": "f814d8db-6051-43a5-8968-a686bd929b00",
              "isHook": false,
              "skipped": false
            },
            {
              "title": "Add more than 10 products in the cart",
              "fullTitle": " - Testes de adicionar produtos no carrinho com dados fixos Add more than 10 products in the cart",
              "timedOut": null,
              "duration": 8093,
              "state": "passed",
              "speed": "medium",
              "pass": true,
              "fail": false,
              "pending": false,
              "context": null,
              "code": "cy.get('.search>.tbay-search-form>.form-ajax-search>.form-group>.input-group>.tbay-search').type('Lando Gym Jacket');\ncy.get('.button-search').eq(1).click();\ncy.get('.button-variable-item-S').click();\ncy.get('.button-variable-item-S').click();\ncy.get('.button-variable-item-Blue').click();\ncy.get('.input-text').clear().type('11');\ncy.get('.single_add_to_cart_button').click();\ncy.get('.woocommerce-message > .button').should(\"exist\").click();\n// cy.get('.woocommerce-error').should('contain', 'limite de 10 unidades')",
              "err": {},
              "uuid": "104a19a1-3193-4612-9968-cf5739488e24",
              "parentUUID": "f814d8db-6051-43a5-8968-a686bd929b00",
              "isHook": false,
              "skipped": false
            },
            {
              "title": "Add products in the cart with total value + R$ 990,01",
              "fullTitle": " - Testes de adicionar produtos no carrinho com dados fixos Add products in the cart with total value + R$ 990,01",
              "timedOut": null,
              "duration": 9120,
              "state": "passed",
              "speed": "medium",
              "pass": true,
              "fail": false,
              "pending": false,
              "context": null,
              "code": "cy.get('.search>.tbay-search-form>.form-ajax-search>.form-group>.input-group>.tbay-search').type('Lando Gym Jacket');\ncy.get('.button-search').eq(1).click();\ncy.get('.button-variable-item-M').click();\ncy.get('.button-variable-item-S').click();\ncy.get('.button-variable-item-Blue').click();\ncy.get('.input-text').clear().type('11');\ncy.get('.single_add_to_cart_button').click();\ncy.get('.woocommerce-message > .button').should(\"exist\").click();\n// cy.get('.woocommerce-error').should('contain', 'valor total ultrapassa R$ 990,00')",
              "err": {},
              "uuid": "640489ae-d36c-46dc-9548-82e16ae489ae",
              "parentUUID": "f814d8db-6051-43a5-8968-a686bd929b00",
              "isHook": false,
              "skipped": false
            },
            {
              "title": "Adicionar produtos que somem R$200 ➔ aplicar cupom 10%",
              "fullTitle": " - Testes de adicionar produtos no carrinho com dados fixos Adicionar produtos que somem R$200 ➔ aplicar cupom 10%",
              "timedOut": null,
              "duration": 27901,
              "state": "passed",
              "speed": "slow",
              "pass": true,
              "fail": false,
              "pending": false,
              "context": null,
              "code": "// Adiciona produtos ao carrinho\ncy.contains('Atlas Fitness Tank').click();\ncy.get('.button-variable-item-L').click();\ncy.get('.button-variable-item-S').click();\ncy.get('.button-variable-item-Blue').click();\ncy.get('.input-text').clear().type('5');\ncy.get('.single_add_to_cart_button').click();\ncy.get('.woocommerce-message > .button').click();\ncy.visit('http://lojaebac.ebaconline.art.br/produtos');\ncy.contains('Apollo Running Short').click();\ncy.get('.button-variable-item-32').click();\ncy.get('.button-variable-item-34').click();\ncy.get('.button-variable-item-Black').click();\ncy.get('.input-text').clear().type('5');\ncy.get('.single_add_to_cart_button').click();\n// Ir para o carrinho\ncy.get('.woocommerce-message > .button').click();\n// Validar se o total está entre R$200 e R$600\ncy.get('.cart-subtotal .woocommerce-Price-amount').then($el => {\n  const total = parseFloat($el.text().replace('R$', '').replace(',', '.').trim());\n  expect(total).to.be.within(200, 600);\n});\n// Validar que o desconto de 10% foi aplicado\n//cy.get('.cart-discount .woocommerce-Price-amount').should('exist')\n/* Validar que o valor com desconto é 10% menor\ncy.get('strong > .woocommerce-Price-amount > bdi').then($el => {\n  const totalComDesconto = parseFloat($el.text().replace('R$', '').replace(',', '.').trim())\n  cy.get('.cart-subtotal > td > .woocommerce-Price-amount > bdi').then($sub => {\n    const subtotal = parseFloat($sub.text().replace('R$', '').replace(',', '.').trim())\n    const esperado = subtotal * 0.9\n    expect(totalComDesconto).to.be.closeTo(esperado, 0.05)\n  })\n}) */",
              "err": {},
              "uuid": "7fa7bb59-63d7-44b3-ad16-b4dd023f64b1",
              "parentUUID": "f814d8db-6051-43a5-8968-a686bd929b00",
              "isHook": false,
              "skipped": false
            },
            {
              "title": "Adicionar produtos que somem R$600 ➔ aplicar cupom 10%",
              "fullTitle": " - Testes de adicionar produtos no carrinho com dados fixos Adicionar produtos que somem R$600 ➔ aplicar cupom 10%",
              "timedOut": null,
              "duration": 9392,
              "state": "passed",
              "speed": "medium",
              "pass": true,
              "fail": false,
              "pending": false,
              "context": null,
              "code": "// Repete lógica acima, mas adicionando produtos mais caros\ncy.get('.orderby').select('Ordenar por preço: maior para menor');\ncy.contains('Ingrid Running Jacket').click();\ncy.get('.button-variable-item-M').click();\ncy.get('.button-variable-item-S').click();\ncy.get('.button-variable-item-Red').click();\ncy.get('.input-text').clear().type(5);\ncy.get('.single_add_to_cart_button').click();\ncy.get('.woocommerce-message > .button').click();\n// Validar subtotal entre R$200 e R$600\ncy.get('.cart-subtotal .woocommerce-Price-amount').then($el => {\n  const total = parseFloat($el.text().replace('R$', '').replace(',', '.').trim());\n  expect(total).to.be.within(200, 600);\n});\n// Validar que o desconto de 10% foi aplicado\n//cy.get('.cart-discount .woocommerce-Price-amount').should('exist')\n/* Validar que o valor com desconto é 10% menor\ncy.get('strong > .woocommerce-Price-amount > bdi').then($el => {\n  const totalComDesconto = parseFloat($el.text().replace('R$', '').replace(',', '.').trim())\n  cy.get('.cart-subtotal > td > .woocommerce-Price-amount > bdi').then($sub => {\n    const subtotal = parseFloat($sub.text().replace('R$', '').replace(',', '.').trim())\n    const esperado = subtotal * 0.9\n    expect(totalComDesconto).to.be.closeTo(esperado, 0.05)\n  })\n}) */",
              "err": {},
              "uuid": "8bdaae2a-9afc-4fd6-8faa-17bcf37cb103",
              "parentUUID": "f814d8db-6051-43a5-8968-a686bd929b00",
              "isHook": false,
              "skipped": false
            }
          ],
          "suites": [],
          "passes": [
            "d451e081-480f-4ca8-826f-183d9361af3a",
            "104a19a1-3193-4612-9968-cf5739488e24",
            "640489ae-d36c-46dc-9548-82e16ae489ae",
            "7fa7bb59-63d7-44b3-ad16-b4dd023f64b1",
            "8bdaae2a-9afc-4fd6-8faa-17bcf37cb103"
          ],
          "failures": [],
          "pending": [],
          "skipped": [],
          "duration": 70442,
          "root": false,
          "rootEmpty": false,
          "_timeout": 2000
        }
      ],
      "passes": [],
      "failures": [],
      "pending": [],
      "skipped": [],
      "duration": 0,
      "root": true,
      "rootEmpty": true,
      "_timeout": 2000
    }
  ],
  "meta": {
    "mocha": {
      "version": "7.2.0"
    },
    "mochawesome": {
      "options": {
        "quiet": false,
        "reportFilename": "mochawesome",
        "saveHtml": false,
        "saveJson": true,
        "consoleReporter": "spec",
        "useInlineDiffs": false,
        "code": true
      },
      "version": "7.1.3"
    },
    "marge": {
      "options": {
        "reportDir": "reports/ui",
        "overwrite": false,
        "html": false,
        "json": true,
        "charts": true
      },
      "version": "6.2.0"
    }
  }
}