{
  "stats": {
    "suites": 1,
    "tests": 4,
    "passes": 4,
    "pending": 0,
    "failures": 0,
    "start": "2025-07-19T14:44:45.281Z",
    "end": "2025-07-19T14:45:18.225Z",
    "duration": 32944,
    "testsRegistered": 4,
    "passPercent": 100,
    "pendingPercent": 0,
    "other": 0,
    "hasOther": false,
    "skipped": 0,
    "hasSkipped": false
  },
  "results": [
    {
      "uuid": "1e5ff323-0c3c-4499-9ffe-569bb2d7f187",
      "title": "",
      "fullFile": "tests\\UI\\cypress\\e2e\\login.cy.js",
      "file": "tests\\UI\\cypress\\e2e\\login.cy.js",
      "beforeHooks": [],
      "afterHooks": [],
      "tests": [],
      "suites": [
        {
          "uuid": "6c4a803d-5030-4347-a988-2dc4df585c03",
          "title": "Login tests",
          "fullFile": "",
          "file": "",
          "beforeHooks": [],
          "afterHooks": [],
          "tests": [
            {
              "title": "Login with valid credentials",
              "fullTitle": "Login tests Login with valid credentials",
              "timedOut": null,
              "duration": 15687,
              "state": "passed",
              "speed": "slow",
              "pass": true,
              "fail": false,
              "pending": false,
              "context": null,
              "code": "const user = this.users.validUser;\n_LoginPage.default.login(user.username, user.password);\n_LoginPage.default.assertLoginSuccess(user.username);",
              "err": {},
              "uuid": "66ccb87e-0ca5-4eed-b086-800fbafd72d2",
              "parentUUID": "6c4a803d-5030-4347-a988-2dc4df585c03",
              "isHook": false,
              "skipped": false
            },
            {
              "title": "Login with invalid password",
              "fullTitle": "Login tests Login with invalid password",
              "timedOut": null,
              "duration": 5623,
              "state": "passed",
              "speed": "medium",
              "pass": true,
              "fail": false,
              "pending": false,
              "context": null,
              "code": "const user = this.users.invalidPassword;\n_LoginPage.default.login(user.username, user.password);\n_LoginPage.default.assertLoginError('Erro:');",
              "err": {},
              "uuid": "29012341-549b-44bc-b9d9-db37d7d69f95",
              "parentUUID": "6c4a803d-5030-4347-a988-2dc4df585c03",
              "isHook": false,
              "skipped": false
            },
            {
              "title": "Try login 3 times with invalid credentials",
              "fullTitle": "Login tests Try login 3 times with invalid credentials",
              "timedOut": null,
              "duration": 8159,
              "state": "passed",
              "speed": "medium",
              "pass": true,
              "fail": false,
              "pending": false,
              "context": null,
              "code": "const user = this.users.invalidPassword;\nfor (let i = 0; i < 3; i++) {\n  _LoginPage.default.login(user.username, user.password);\n  _LoginPage.default.assertLoginError('Erro:');\n}\n// cy.contains('conta foi bloqueada').should('be.visible')",
              "err": {},
              "uuid": "4c409ce3-8ddb-4658-b3e7-791e5e04e136",
              "parentUUID": "6c4a803d-5030-4347-a988-2dc4df585c03",
              "isHook": false,
              "skipped": false
            },
            {
              "title": "Login with inactive account",
              "fullTitle": "Login tests Login with inactive account",
              "timedOut": null,
              "duration": 2984,
              "state": "passed",
              "speed": "fast",
              "pass": true,
              "fail": false,
              "pending": false,
              "context": null,
              "code": "const user = this.users.inactiveUser;\n_LoginPage.default.login(user.username, user.password);\n_LoginPage.default.assertLoginError('usuário usuario_inativo não está registrado');",
              "err": {},
              "uuid": "963ea782-d9e6-4ac5-a4c3-539187abe13f",
              "parentUUID": "6c4a803d-5030-4347-a988-2dc4df585c03",
              "isHook": false,
              "skipped": false
            }
          ],
          "suites": [],
          "passes": [
            "66ccb87e-0ca5-4eed-b086-800fbafd72d2",
            "29012341-549b-44bc-b9d9-db37d7d69f95",
            "4c409ce3-8ddb-4658-b3e7-791e5e04e136",
            "963ea782-d9e6-4ac5-a4c3-539187abe13f"
          ],
          "failures": [],
          "pending": [],
          "skipped": [],
          "duration": 32453,
          "root": false,
          "rootEmpty": false,
          "_timeout": 2000
        }
      ],
      "passes": [],
      "failures": [],
      "pending": [],
      "skipped": [],
      "duration": 0,
      "root": true,
      "rootEmpty": true,
      "_timeout": 2000
    }
  ],
  "meta": {
    "mocha": {
      "version": "7.2.0"
    },
    "mochawesome": {
      "options": {
        "quiet": false,
        "reportFilename": "mochawesome",
        "saveHtml": false,
        "saveJson": true,
        "consoleReporter": "spec",
        "useInlineDiffs": false,
        "code": true
      },
      "version": "7.1.3"
    },
    "marge": {
      "options": {
        "reportDir": "reports/ui",
        "overwrite": false,
        "html": false,
        "json": true,
        "charts": true
      },
      "version": "6.2.0"
    }
  }
}