{
  "stats": {
    "suites": 1,
    "tests": 1,
    "passes": 0,
    "pending": 0,
    "failures": 1,
    "start": "2025-07-19T00:27:32.927Z",
    "end": "2025-07-19T00:27:34.751Z",
    "duration": 1824,
    "testsRegistered": 5,
    "passPercent": 0,
    "pendingPercent": 0,
    "other": 0,
    "hasOther": false,
    "skipped": 4,
    "hasSkipped": true
  },
  "results": [
    {
      "uuid": "69c39f4a-d4fc-4726-ab9d-4b0a32819a76",
      "title": "",
      "fullFile": "tests\\UI\\cypress\\e2e\\cart.cy.js",
      "file": "tests\\UI\\cypress\\e2e\\cart.cy.js",
      "beforeHooks": [],
      "afterHooks": [],
      "tests": [],
      "suites": [
        {
          "uuid": "c2982937-4b8a-4194-9037-0cde18223680",
          "title": "US002 - Testes de adicionar produtos no carrinho",
          "fullFile": "",
          "file": "",
          "beforeHooks": [],
          "afterHooks": [],
          "tests": [
            {
              "title": "Add products in the cart with success",
              "fullTitle": "US002 - Testes de adicionar produtos no carrinho Add products in the cart with success",
              "timedOut": null,
              "duration": 1777,
              "state": "failed",
              "speed": null,
              "pass": false,
              "fail": true,
              "pending": false,
              "context": null,
              "code": "const product = this.products.successAdd;\n_CartPage.default.searchProduct(product.name);\n_CartPage.default.selectAttributes(product.attributes);\n_CartPage.default.setQuantity(product.quantity);\n_CartPage.default.addToCart();\n_CartPage.default.goToCart();",
              "err": {
                "message": "Error: A fixture file could not be found at any of the following paths:\n\n    > cypress\\fixtures\\products\n    > cypress\\fixtures\\products.[ext]\n\nCypress looked for these file extensions at the provided path:\n\n    > .json, .js, .coffee, .html, .txt, .csv, .png, .jpg, .jpeg, .gif, .tif, .tiff, .zip\n\nProvide a path to an existing fixture file.\n\nBecause this error occurred during a `before each` hook we are skipping the remaining tests in the current suite: `US002 - Testes de adicionar...`",
                "estack": "Error: A fixture file could not be found at any of the following paths:\n\n    > cypress\\fixtures\\products\n    > cypress\\fixtures\\products.[ext]\n\nCypress looked for these file extensions at the provided path:\n\n    > .json, .js, .coffee, .html, .txt, .csv, .png, .jpg, .jpeg, .gif, .tif, .tiff, .zip\n\nProvide a path to an existing fixture file.\n\nBecause this error occurred during a `before each` hook we are skipping the remaining tests in the current suite: `US002 - Testes de adicionar...`\n    at Object.<anonymous> (<embedded>:2749:327496)\n    at Object.tryCatcher (C:\\Users\\diego\\AppData\\Local\\Cypress\\Cache\\14.5.1\\Cypress\\resources\\app\\node_modules\\bluebird\\js\\release\\util.js:16:23)\n    at Promise._settlePromiseFromHandler (C:\\Users\\diego\\AppData\\Local\\Cypress\\Cache\\14.5.1\\Cypress\\resources\\app\\node_modules\\bluebird\\js\\release\\promise.js:512:31)\n    at Promise._settlePromise (C:\\Users\\diego\\AppData\\Local\\Cypress\\Cache\\14.5.1\\Cypress\\resources\\app\\node_modules\\bluebird\\js\\release\\promise.js:569:18)\n    at Promise._settlePromise0 (C:\\Users\\diego\\AppData\\Local\\Cypress\\Cache\\14.5.1\\Cypress\\resources\\app\\node_modules\\bluebird\\js\\release\\promise.js:614:10)\n    at Promise._settlePromises (C:\\Users\\diego\\AppData\\Local\\Cypress\\Cache\\14.5.1\\Cypress\\resources\\app\\node_modules\\bluebird\\js\\release\\promise.js:694:18)\n    at Promise._fulfill (C:\\Users\\diego\\AppData\\Local\\Cypress\\Cache\\14.5.1\\Cypress\\resources\\app\\node_modules\\bluebird\\js\\release\\promise.js:638:18)\n    at <unknown> (C:\\Users\\diego\\AppData\\Local\\Cypress\\Cache\\14.5.1\\Cypress\\resources\\app\\node_modules\\bluebird\\js\\release\\nodeback.js:42:21)\n    at s (<embedded>:227:132401)\n    at D.<anonymous> (<embedded>:2743:158564)\n    at D.emit (node:events:518:28)\n    at D._finish (<embedded>:2743:159494)\n    at i (<embedded>:2743:158885)\n    at D._processSimple2 (<embedded>:2743:164651)\n    at <unknown> (<embedded>:2743:164504)\n    at D._stat2 (<embedded>:2743:165569)\n    at <unknown> (<embedded>:2743:165416)\n    at s (<embedded>:1067:24225)\n    at s (<embedded>:227:132401)\n    at r (<embedded>:2865:13639)\n    at FSReqCallback.oncomplete (node:fs:197:21)",
                "diff": null
              },
              "uuid": "50f18eab-32c9-4bbe-9b4f-36ba7ba83d2b",
              "parentUUID": "c2982937-4b8a-4194-9037-0cde18223680",
              "isHook": false,
              "skipped": false
            },
            {
              "title": "Add more than 10 products in the cart",
              "fullTitle": "US002 - Testes de adicionar produtos no carrinho Add more than 10 products in the cart",
              "timedOut": null,
              "duration": 0,
              "state": "skipped",
              "speed": null,
              "pass": false,
              "fail": false,
              "pending": false,
              "context": null,
              "code": "const product = this.products.limitExceed;\n_CartPage.default.searchProduct(product.name);\n_CartPage.default.selectAttributes(product.attributes);\n_CartPage.default.setQuantity(product.quantity);\n_CartPage.default.addToCart();\n_CartPage.default.goToCart();",
              "err": {},
              "uuid": "8714717d-2c6d-4fd3-8876-d1a95c27ae37",
              "parentUUID": "c2982937-4b8a-4194-9037-0cde18223680",
              "isHook": false,
              "skipped": true
            },
            {
              "title": "Add products in the cart with total value + R$ 990,01",
              "fullTitle": "US002 - Testes de adicionar produtos no carrinho Add products in the cart with total value + R$ 990,01",
              "timedOut": null,
              "duration": 0,
              "state": "skipped",
              "speed": null,
              "pass": false,
              "fail": false,
              "pending": false,
              "context": null,
              "code": "const product = this.products.aboveLimit;\n_CartPage.default.searchProduct(product.name);\n_CartPage.default.selectAttributes(product.attributes);\n_CartPage.default.setQuantity(product.quantity);\n_CartPage.default.addToCart();\n_CartPage.default.goToCart();",
              "err": {},
              "uuid": "ae01b6cc-197d-4001-9ad8-c943c2f1a580",
              "parentUUID": "c2982937-4b8a-4194-9037-0cde18223680",
              "isHook": false,
              "skipped": true
            },
            {
              "title": "Adicionar produtos que somem R$200 ➔ aplicar cupom 10%",
              "fullTitle": "US002 - Testes de adicionar produtos no carrinho Adicionar produtos que somem R$200 ➔ aplicar cupom 10%",
              "timedOut": null,
              "duration": 0,
              "state": "skipped",
              "speed": null,
              "pass": false,
              "fail": false,
              "pending": false,
              "context": null,
              "code": "const combo = this.products.discount200;\n_CartPage.default.addComboProducts(combo);\n_CartPage.default.validateDiscountRange(200, 600);",
              "err": {},
              "uuid": "98aee2e1-28f8-4c3b-a14d-bb8e61411da6",
              "parentUUID": "c2982937-4b8a-4194-9037-0cde18223680",
              "isHook": false,
              "skipped": true
            },
            {
              "title": "Adicionar produtos que somem R$600 ➔ aplicar cupom 10%",
              "fullTitle": "US002 - Testes de adicionar produtos no carrinho Adicionar produtos que somem R$600 ➔ aplicar cupom 10%",
              "timedOut": null,
              "duration": 0,
              "state": "skipped",
              "speed": null,
              "pass": false,
              "fail": false,
              "pending": false,
              "context": null,
              "code": "const product = this.products.discount600[0];\n_CartPage.default.searchProduct(product.name);\n_CartPage.default.selectAttributes(product.attributes);\n_CartPage.default.setQuantity(product.quantity);\n_CartPage.default.addToCart();\n_CartPage.default.goToCart();\n_CartPage.default.validateDiscountRange(200, 600);",
              "err": {},
              "uuid": "145f61c3-4e5e-4119-bca6-631db2cd6eef",
              "parentUUID": "c2982937-4b8a-4194-9037-0cde18223680",
              "isHook": false,
              "skipped": true
            }
          ],
          "suites": [],
          "passes": [],
          "failures": [
            "50f18eab-32c9-4bbe-9b4f-36ba7ba83d2b"
          ],
          "pending": [],
          "skipped": [
            "8714717d-2c6d-4fd3-8876-d1a95c27ae37",
            "ae01b6cc-197d-4001-9ad8-c943c2f1a580",
            "98aee2e1-28f8-4c3b-a14d-bb8e61411da6",
            "145f61c3-4e5e-4119-bca6-631db2cd6eef"
          ],
          "duration": 1777,
          "root": false,
          "rootEmpty": false,
          "_timeout": 2000
        }
      ],
      "passes": [],
      "failures": [],
      "pending": [],
      "skipped": [],
      "duration": 0,
      "root": true,
      "rootEmpty": true,
      "_timeout": 2000
    }
  ],
  "meta": {
    "mocha": {
      "version": "7.2.0"
    },
    "mochawesome": {
      "options": {
        "quiet": false,
        "reportFilename": "mochawesome",
        "saveHtml": true,
        "saveJson": true,
        "consoleReporter": "spec",
        "useInlineDiffs": false,
        "code": true
      },
      "version": "7.1.3"
    },
    "marge": {
      "options": {
        "reportDir": "reports/ui",
        "overwrite": false,
        "html": true,
        "json": true,
        "charts": true
      },
      "version": "6.2.0"
    }
  }
}