{
  "stats": {
    "suites": 1,
    "tests": 5,
    "passes": 4,
    "pending": 0,
    "failures": 1,
    "start": "2025-07-19T01:10:47.496Z",
    "end": "2025-07-19T01:11:23.286Z",
    "duration": 35790,
    "testsRegistered": 5,
    "passPercent": 80,
    "pendingPercent": 0,
    "other": 0,
    "hasOther": false,
    "skipped": 0,
    "hasSkipped": false
  },
  "results": [
    {
      "uuid": "a261cf13-c70f-47b6-b400-9df549cdee03",
      "title": "",
      "fullFile": "tests\\UI\\cypress\\e2e\\cart.cy.js",
      "file": "tests\\UI\\cypress\\e2e\\cart.cy.js",
      "beforeHooks": [],
      "afterHooks": [],
      "tests": [],
      "suites": [
        {
          "uuid": "8ef11588-cc6f-442a-8fcd-65a87e8a83ab",
          "title": "US002 - Testes de adicionar produtos no carrinho",
          "fullFile": "",
          "file": "",
          "beforeHooks": [],
          "afterHooks": [],
          "tests": [
            {
              "title": "Add products in the cart with success",
              "fullTitle": "US002 - Testes de adicionar produtos no carrinho Add products in the cart with success",
              "timedOut": null,
              "duration": 6444,
              "state": "passed",
              "speed": "medium",
              "pass": true,
              "fail": false,
              "pending": false,
              "context": null,
              "code": "const product = this.products.successAdd;\n_CartPage.default.searchProduct(product.name);\n_CartPage.default.selectAttributes(product.attributes);\n_CartPage.default.setQuantity(product.quantity);\n_CartPage.default.addToCart();\n_CartPage.default.goToCart();",
              "err": {},
              "uuid": "146c3bb2-52af-4189-bb13-0b41a161751a",
              "parentUUID": "8ef11588-cc6f-442a-8fcd-65a87e8a83ab",
              "isHook": false,
              "skipped": false
            },
            {
              "title": "Add more than 10 products in the cart",
              "fullTitle": "US002 - Testes de adicionar produtos no carrinho Add more than 10 products in the cart",
              "timedOut": null,
              "duration": 5567,
              "state": "passed",
              "speed": "medium",
              "pass": true,
              "fail": false,
              "pending": false,
              "context": null,
              "code": "const product = this.products.limitExceed;\n_CartPage.default.searchProduct(product.name);\n_CartPage.default.selectAttributes(product.attributes);\n_CartPage.default.setQuantity(product.quantity);\n_CartPage.default.addToCart();\n_CartPage.default.goToCart();",
              "err": {},
              "uuid": "0163c247-49c3-4336-a75d-ec811f8df7ce",
              "parentUUID": "8ef11588-cc6f-442a-8fcd-65a87e8a83ab",
              "isHook": false,
              "skipped": false
            },
            {
              "title": "Add products in the cart with total value + R$ 990,01",
              "fullTitle": "US002 - Testes de adicionar produtos no carrinho Add products in the cart with total value + R$ 990,01",
              "timedOut": null,
              "duration": 7617,
              "state": "failed",
              "speed": null,
              "pass": false,
              "fail": true,
              "pending": false,
              "context": null,
              "code": "const product = this.products.aboveLimit;\n_CartPage.default.searchProduct(product.name);\n_CartPage.default.selectAttributes(product.attributes);\n_CartPage.default.setQuantity(product.quantity);\n_CartPage.default.addToCart();\n_CartPage.default.goToCart();",
              "err": {
                "message": "AssertionError: Timed out retrying after 4000ms: Expected to find element: `.woocommerce-message > .button`, but never found it.",
                "estack": "AssertionError: Timed out retrying after 4000ms: Expected to find element: `.woocommerce-message > .button`, but never found it.\n    at CartPage.goToCart (webpack://tcc-ebac-qe/./tests/UI/cypress/pageObjects/CartPage.js:30:45)\n    at Context.eval (webpack://tcc-ebac-qe/./tests/UI/cypress/e2e/cart.cy.js:33:13)",
                "diff": null
              },
              "uuid": "7dafb7bd-c112-4115-8055-93d976a2f582",
              "parentUUID": "8ef11588-cc6f-442a-8fcd-65a87e8a83ab",
              "isHook": false,
              "skipped": false
            },
            {
              "title": "Adicionar produtos que somem R$200 ➔ aplicar cupom 10%",
              "fullTitle": "US002 - Testes de adicionar produtos no carrinho Adicionar produtos que somem R$200 ➔ aplicar cupom 10%",
              "timedOut": null,
              "duration": 10355,
              "state": "passed",
              "speed": "slow",
              "pass": true,
              "fail": false,
              "pending": false,
              "context": null,
              "code": "const combo = this.products.discount200;\n_CartPage.default.addComboProducts(combo);\n_CartPage.default.validateDiscountRange(200, 600);",
              "err": {},
              "uuid": "e61c1d73-692b-4b06-8ec4-3afcfbe92445",
              "parentUUID": "8ef11588-cc6f-442a-8fcd-65a87e8a83ab",
              "isHook": false,
              "skipped": false
            },
            {
              "title": "Adicionar produtos que somem R$600 ➔ aplicar cupom 10%",
              "fullTitle": "US002 - Testes de adicionar produtos no carrinho Adicionar produtos que somem R$600 ➔ aplicar cupom 10%",
              "timedOut": null,
              "duration": 5334,
              "state": "passed",
              "speed": "medium",
              "pass": true,
              "fail": false,
              "pending": false,
              "context": null,
              "code": "const product = this.products.discount600[0];\n_CartPage.default.searchProduct(product.name);\n_CartPage.default.selectAttributes(product.attributes);\n_CartPage.default.setQuantity(product.quantity);\n_CartPage.default.addToCart();\n_CartPage.default.goToCart();\n_CartPage.default.validateDiscountRange(200, 600);",
              "err": {},
              "uuid": "6bd466f2-f2ac-430f-b18a-63b12ec0bfe2",
              "parentUUID": "8ef11588-cc6f-442a-8fcd-65a87e8a83ab",
              "isHook": false,
              "skipped": false
            }
          ],
          "suites": [],
          "passes": [
            "146c3bb2-52af-4189-bb13-0b41a161751a",
            "0163c247-49c3-4336-a75d-ec811f8df7ce",
            "e61c1d73-692b-4b06-8ec4-3afcfbe92445",
            "6bd466f2-f2ac-430f-b18a-63b12ec0bfe2"
          ],
          "failures": [
            "7dafb7bd-c112-4115-8055-93d976a2f582"
          ],
          "pending": [],
          "skipped": [],
          "duration": 35317,
          "root": false,
          "rootEmpty": false,
          "_timeout": 2000
        }
      ],
      "passes": [],
      "failures": [],
      "pending": [],
      "skipped": [],
      "duration": 0,
      "root": true,
      "rootEmpty": true,
      "_timeout": 2000
    }
  ],
  "meta": {
    "mocha": {
      "version": "7.2.0"
    },
    "mochawesome": {
      "options": {
        "quiet": false,
        "reportFilename": "mochawesome",
        "saveHtml": true,
        "saveJson": true,
        "consoleReporter": "spec",
        "useInlineDiffs": false,
        "code": true
      },
      "version": "7.1.3"
    },
    "marge": {
      "options": {
        "reportDir": "reports/ui",
        "overwrite": false,
        "html": true,
        "json": true,
        "charts": true
      },
      "version": "6.2.0"
    }
  }
}