{
  "stats": {
    "suites": 1,
    "tests": 5,
    "passes": 5,
    "pending": 0,
    "failures": 0,
    "start": "2025-07-19T00:26:50.143Z",
    "end": "2025-07-19T00:27:30.620Z",
    "duration": 40477,
    "testsRegistered": 5,
    "passPercent": 100,
    "pendingPercent": 0,
    "other": 0,
    "hasOther": false,
    "skipped": 0,
    "hasSkipped": false
  },
  "results": [
    {
      "uuid": "732116d8-4e11-485d-bec7-53c1ac75ae5b",
      "title": "",
      "fullFile": "tests\\UI\\cypress\\e2e\\carrinho.cy.js",
      "file": "tests\\UI\\cypress\\e2e\\carrinho.cy.js",
      "beforeHooks": [],
      "afterHooks": [],
      "tests": [],
      "suites": [
        {
          "uuid": "479b6586-2c14-4078-a632-ec796ba8aa51",
          "title": "US002 - Testes de adicionar produtos no carrinho",
          "fullFile": "",
          "file": "",
          "beforeHooks": [],
          "afterHooks": [],
          "tests": [
            {
              "title": "Add products in the cart with success",
              "fullTitle": "US002 - Testes de adicionar produtos no carrinho Add products in the cart with success",
              "timedOut": null,
              "duration": 8297,
              "state": "passed",
              "speed": "medium",
              "pass": true,
              "fail": false,
              "pending": false,
              "context": null,
              "code": "cy.get('.search>.tbay-search-form>.form-ajax-search>.form-group>.input-group>.tbay-search').type('Aero Daily Fitness Tee');\ncy.get('.button-search').eq(1).click();\ncy.get('.button-variable-item-XS').click();\ncy.get('.button-variable-item-S').click();\ncy.get('.button-variable-item-Black').click();\ncy.get('.input-text').clear().type('9');\ncy.get('.single_add_to_cart_button').click();\ncy.get('.woocommerce-message').should('contain', 'no seu carrinho');\ncy.get('.woocommerce-message > .button').should(\"exist\").click();",
              "err": {},
              "uuid": "54298fde-ad27-492d-8fee-9a27b7c96450",
              "parentUUID": "479b6586-2c14-4078-a632-ec796ba8aa51",
              "isHook": false,
              "skipped": false
            },
            {
              "title": "Add more than 10 products in the cart",
              "fullTitle": "US002 - Testes de adicionar produtos no carrinho Add more than 10 products in the cart",
              "timedOut": null,
              "duration": 7342,
              "state": "passed",
              "speed": "medium",
              "pass": true,
              "fail": false,
              "pending": false,
              "context": null,
              "code": "cy.get('.search>.tbay-search-form>.form-ajax-search>.form-group>.input-group>.tbay-search').type('Lando Gym Jacket');\ncy.get('.button-search').eq(1).click();\ncy.get('.button-variable-item-S').click();\ncy.get('.button-variable-item-S').click();\ncy.get('.button-variable-item-Blue').click();\ncy.get('.input-text').clear().type('11');\ncy.get('.single_add_to_cart_button').click();\ncy.get('.woocommerce-message > .button').should(\"exist\").click();\n// cy.get('.woocommerce-error').should('contain', 'limite de 10 unidades')",
              "err": {},
              "uuid": "3cd8adc9-b74d-41ee-ba6f-85b88cfbc4a0",
              "parentUUID": "479b6586-2c14-4078-a632-ec796ba8aa51",
              "isHook": false,
              "skipped": false
            },
            {
              "title": "Add products in the cart with total value + R$ 990,01",
              "fullTitle": "US002 - Testes de adicionar produtos no carrinho Add products in the cart with total value + R$ 990,01",
              "timedOut": null,
              "duration": 6845,
              "state": "passed",
              "speed": "medium",
              "pass": true,
              "fail": false,
              "pending": false,
              "context": null,
              "code": "cy.get('.search>.tbay-search-form>.form-ajax-search>.form-group>.input-group>.tbay-search').type('Lando Gym Jacket');\ncy.get('.button-search').eq(1).click();\ncy.get('.button-variable-item-M').click();\ncy.get('.button-variable-item-S').click();\ncy.get('.button-variable-item-Blue').click();\ncy.get('.input-text').clear().type('11');\ncy.get('.single_add_to_cart_button').click();\ncy.get('.woocommerce-message > .button').should(\"exist\").click();\n// cy.get('.woocommerce-error').should('contain', 'valor total ultrapassa R$ 990,00')",
              "err": {},
              "uuid": "75407cc4-1536-4577-9ef3-180c6fbb7e2d",
              "parentUUID": "479b6586-2c14-4078-a632-ec796ba8aa51",
              "isHook": false,
              "skipped": false
            },
            {
              "title": "Adicionar produtos que somem R$200 ➔ aplicar cupom 10%",
              "fullTitle": "US002 - Testes de adicionar produtos no carrinho Adicionar produtos que somem R$200 ➔ aplicar cupom 10%",
              "timedOut": null,
              "duration": 10816,
              "state": "passed",
              "speed": "slow",
              "pass": true,
              "fail": false,
              "pending": false,
              "context": null,
              "code": "// Adiciona produtos ao carrinho\ncy.contains('Atlas Fitness Tank').click();\ncy.get('.button-variable-item-L').click();\ncy.get('.button-variable-item-S').click();\ncy.get('.button-variable-item-Blue').click();\ncy.get('.input-text').clear().type('5');\ncy.get('.single_add_to_cart_button').click();\ncy.get('.woocommerce-message > .button').click();\ncy.visit('http://lojaebac.ebaconline.art.br/produtos');\ncy.contains('Apollo Running Short').click();\ncy.get('.button-variable-item-32').click();\ncy.get('.button-variable-item-34').click();\ncy.get('.button-variable-item-Black').click();\ncy.get('.input-text').clear().type('5');\ncy.get('.single_add_to_cart_button').click();\n// Ir para o carrinho\ncy.get('.woocommerce-message > .button').click();\n// Validar se o total está entre R$200 e R$600\ncy.get('.cart-subtotal .woocommerce-Price-amount').then($el => {\n  const total = parseFloat($el.text().replace('R$', '').replace(',', '.').trim());\n  expect(total).to.be.within(200, 600);\n});\n// Validar que o desconto de 10% foi aplicado\n//cy.get('.cart-discount .woocommerce-Price-amount').should('exist')\n/* Validar que o valor com desconto é 10% menor\ncy.get('strong > .woocommerce-Price-amount > bdi').then($el => {\n  const totalComDesconto = parseFloat($el.text().replace('R$', '').replace(',', '.').trim())\n  cy.get('.cart-subtotal > td > .woocommerce-Price-amount > bdi').then($sub => {\n    const subtotal = parseFloat($sub.text().replace('R$', '').replace(',', '.').trim())\n    const esperado = subtotal * 0.9\n    expect(totalComDesconto).to.be.closeTo(esperado, 0.05)\n  })\n}) */",
              "err": {},
              "uuid": "da8a841f-a7c4-43de-8374-7a59f3b0f95d",
              "parentUUID": "479b6586-2c14-4078-a632-ec796ba8aa51",
              "isHook": false,
              "skipped": false
            },
            {
              "title": "Adicionar produtos que somem R$600 ➔ aplicar cupom 10%",
              "fullTitle": "US002 - Testes de adicionar produtos no carrinho Adicionar produtos que somem R$600 ➔ aplicar cupom 10%",
              "timedOut": null,
              "duration": 6413,
              "state": "passed",
              "speed": "medium",
              "pass": true,
              "fail": false,
              "pending": false,
              "context": null,
              "code": "// Repete lógica acima, mas adicionando produtos mais caros\ncy.get('.orderby').select('Ordenar por preço: maior para menor');\ncy.contains('Ingrid Running Jacket').click();\ncy.get('.button-variable-item-M').click();\ncy.get('.button-variable-item-S').click();\ncy.get('.button-variable-item-Red').click();\ncy.get('.input-text').clear().type(5);\ncy.get('.single_add_to_cart_button').click();\ncy.get('.woocommerce-message > .button').click();\n// Validar subtotal entre R$200 e R$600\ncy.get('.cart-subtotal .woocommerce-Price-amount').then($el => {\n  const total = parseFloat($el.text().replace('R$', '').replace(',', '.').trim());\n  expect(total).to.be.within(200, 600);\n});\n// Validar que o desconto de 10% foi aplicado\n//cy.get('.cart-discount .woocommerce-Price-amount').should('exist')\n/* Validar que o valor com desconto é 10% menor\ncy.get('strong > .woocommerce-Price-amount > bdi').then($el => {\n  const totalComDesconto = parseFloat($el.text().replace('R$', '').replace(',', '.').trim())\n  cy.get('.cart-subtotal > td > .woocommerce-Price-amount > bdi').then($sub => {\n    const subtotal = parseFloat($sub.text().replace('R$', '').replace(',', '.').trim())\n    const esperado = subtotal * 0.9\n    expect(totalComDesconto).to.be.closeTo(esperado, 0.05)\n  })\n}) */",
              "err": {},
              "uuid": "2e33ab2a-aaa4-4b63-823b-f6f6fb70b35e",
              "parentUUID": "479b6586-2c14-4078-a632-ec796ba8aa51",
              "isHook": false,
              "skipped": false
            }
          ],
          "suites": [],
          "passes": [
            "54298fde-ad27-492d-8fee-9a27b7c96450",
            "3cd8adc9-b74d-41ee-ba6f-85b88cfbc4a0",
            "75407cc4-1536-4577-9ef3-180c6fbb7e2d",
            "da8a841f-a7c4-43de-8374-7a59f3b0f95d",
            "2e33ab2a-aaa4-4b63-823b-f6f6fb70b35e"
          ],
          "failures": [],
          "pending": [],
          "skipped": [],
          "duration": 39713,
          "root": false,
          "rootEmpty": false,
          "_timeout": 2000
        }
      ],
      "passes": [],
      "failures": [],
      "pending": [],
      "skipped": [],
      "duration": 0,
      "root": true,
      "rootEmpty": true,
      "_timeout": 2000
    }
  ],
  "meta": {
    "mocha": {
      "version": "7.2.0"
    },
    "mochawesome": {
      "options": {
        "quiet": false,
        "reportFilename": "mochawesome",
        "saveHtml": true,
        "saveJson": true,
        "consoleReporter": "spec",
        "useInlineDiffs": false,
        "code": true
      },
      "version": "7.1.3"
    },
    "marge": {
      "options": {
        "reportDir": "reports/ui",
        "overwrite": false,
        "html": true,
        "json": true,
        "charts": true
      },
      "version": "6.2.0"
    }
  }
}